Determining if the pthread_create exist failed with the following output:
Change Dir: /home/wert/Descargas/gtest-1.7.0/build/CMakeFiles/CMakeTmp

Run Build Command:/usr/bin/make "cmTryCompileExec2893634322/fast"
/usr/bin/make -f CMakeFiles/cmTryCompileExec2893634322.dir/build.make CMakeFiles/cmTryCompileExec2893634322.dir/build
make[1]: se ingresa al directorio «/home/wert/Descargas/gtest-1.7.0/build/CMakeFiles/CMakeTmp»
/usr/bin/cmake -E cmake_progress_report /home/wert/Descargas/gtest-1.7.0/build/CMakeFiles/CMakeTmp/CMakeFiles 1
Building C object CMakeFiles/cmTryCompileExec2893634322.dir/CheckSymbolExists.c.o
/usr/bin/cc    -o CMakeFiles/cmTryCompileExec2893634322.dir/CheckSymbolExists.c.o   -c /home/wert/Descargas/gtest-1.7.0/build/CMakeFiles/CMakeTmp/CheckSymbolExists.c
Linking C executable cmTryCompileExec2893634322
/usr/bin/cmake -E cmake_link_script CMakeFiles/cmTryCompileExec2893634322.dir/link.txt --verbose=1
/usr/bin/cc       CMakeFiles/cmTryCompileExec2893634322.dir/CheckSymbolExists.c.o  -o cmTryCompileExec2893634322 -rdynamic 
CMakeFiles/cmTryCompileExec2893634322.dir/CheckSymbolExists.c.o: En la función `main':
CheckSymbolExists.c:(.text+0x16): referencia a `pthread_create' sin definir
collect2: error: ld returned 1 exit status
make[1]: *** [cmTryCompileExec2893634322] Error 1
make[1]: se sale del directorio «/home/wert/Descargas/gtest-1.7.0/build/CMakeFiles/CMakeTmp»
make: *** [cmTryCompileExec2893634322/fast] Error 2

File /home/wert/Descargas/gtest-1.7.0/build/CMakeFiles/CMakeTmp/CheckSymbolExists.c:
/* */
#include <pthread.h>

int main(int argc, char** argv)
{
  (void)argv;
#ifndef pthread_create
  return ((int*)(&pthread_create))[argc];
#else
  (void)argc;
  return 0;
#endif
}

Determining if the function pthread_create exists in the pthreads failed with the following output:
Change Dir: /home/wert/Descargas/gtest-1.7.0/build/CMakeFiles/CMakeTmp

Run Build Command:/usr/bin/make "cmTryCompileExec560895398/fast"
/usr/bin/make -f CMakeFiles/cmTryCompileExec560895398.dir/build.make CMakeFiles/cmTryCompileExec560895398.dir/build
make[1]: se ingresa al directorio «/home/wert/Descargas/gtest-1.7.0/build/CMakeFiles/CMakeTmp»
/usr/bin/cmake -E cmake_progress_report /home/wert/Descargas/gtest-1.7.0/build/CMakeFiles/CMakeTmp/CMakeFiles 1
Building C object CMakeFiles/cmTryCompileExec560895398.dir/CheckFunctionExists.c.o
/usr/bin/cc   -DCHECK_FUNCTION_EXISTS=pthread_create   -o CMakeFiles/cmTryCompileExec560895398.dir/CheckFunctionExists.c.o   -c /usr/share/cmake-2.8/Modules/CheckFunctionExists.c
Linking C executable cmTryCompileExec560895398
/usr/bin/cmake -E cmake_link_script CMakeFiles/cmTryCompileExec560895398.dir/link.txt --verbose=1
/usr/bin/cc   -DCHECK_FUNCTION_EXISTS=pthread_create    CMakeFiles/cmTryCompileExec560895398.dir/CheckFunctionExists.c.o  -o cmTryCompileExec560895398 -rdynamic -lpthreads 
/usr/bin/ld: no se puede encontrar -lpthreads
collect2: error: ld returned 1 exit status
make[1]: *** [cmTryCompileExec560895398] Error 1
make[1]: se sale del directorio «/home/wert/Descargas/gtest-1.7.0/build/CMakeFiles/CMakeTmp»
make: *** [cmTryCompileExec560895398/fast] Error 2


